====================db log====================
[seq]
0.53260000 1494838076
--------------------
[full_sql]
connect db[mysql] on [root@localhost:3306] with password
--------------------
[result]
success
====================db log====================
[seq]
0.54760000 1494838077
--------------------
[full_sql]
select db[mysql] on [root@localhost:3306]
--------------------
[result]
success
====================db log====================
[seq]
0.55060000 1494838077
--------------------
[full_sql]
close db[mysql:co_page] on [root@localhost:3306]
--------------------
[result]
success
====================db log====================
[seq]
0.59060000 1494838077
--------------------
[full_sql]
connect db[mysql] on [root@localhost:3306] with password
--------------------
[result]
success
====================db log====================
[seq]
0.61960000 1494838078
--------------------
[full_sql]
select db[mysql] on [root@localhost:3306]
--------------------
[result]
success
====================db log====================
[seq]
0.63660000 1494838078
--------------------
[full_sql]
close db[mysql:co_page] on [root@localhost:3306]
--------------------
[result]
success
====================db log====================
[seq]
0.80860000 1494838167
--------------------
[full_sql]
connect db[mysql] on [root@localhost:3306] with password
--------------------
[result]
success
====================db log====================
[seq]
0.82860000 1494838168
--------------------
[full_sql]
select db[mysql] on [root@localhost:3306]
--------------------
[result]
success
====================db log====================
[seq]
0.83260000 1494838168
--------------------
[full_sql]
close db[mysql:co_page] on [root@localhost:3306]
--------------------
[result]
success
====================db log====================
[seq]
0.89360000 1494838168
--------------------
[full_sql]
connect db[mysql] on [root@localhost:3306] with password
--------------------
[result]
success
====================db log====================
[seq]
0.92460000 1494838169
--------------------
[full_sql]
select db[mysql] on [root@localhost:3306]
--------------------
[result]
success
====================db log====================
[seq]
0.92760000 1494838169
--------------------
[full_sql]
close db[mysql:co_page] on [root@localhost:3306]
--------------------
[result]
success
====================db log====================
[seq]
0.30760000 1494838201
--------------------
[full_sql]
connect db[mysql] on [root@localhost:3306] with password
--------------------
[result]
success
====================db log====================
[seq]
0.31660000 1494838202
--------------------
[full_sql]
select db[mysql] on [root@localhost:3306]
--------------------
[result]
success
====================db log====================
[seq]
0.34560000 1494838202
--------------------
[full_sql]
close db[mysql:co_page] on [root@localhost:3306]
--------------------
[result]
success
====================db log====================
[seq]
0.38360000 1494838202
--------------------
[full_sql]
connect db[mysql] on [root@localhost:3306] with password
--------------------
[result]
success
====================db log====================
[seq]
0.41360000 1494838203
--------------------
[full_sql]
select db[mysql] on [root@localhost:3306]
--------------------
[result]
success
====================db log====================
[seq]
0.41660000 1494838203
--------------------
[full_sql]
close db[mysql:co_page] on [root@localhost:3306]
--------------------
[result]
success
====================db log====================
[seq]
0.44760000 1494838203
--------------------
[full_sql]
connect db[mysql] on [root@localhost:3306] with password
--------------------
[result]
success
====================db log====================
[seq]
0.47760000 1494838204
--------------------
[full_sql]
select db[mysql] on [root@localhost:3306]
--------------------
[result]
success
====================db log====================
[seq]
0.48060000 1494838204
--------------------
[full_sql]
close db[mysql:co_page] on [root@localhost:3306]
--------------------
[result]
success
====================db log====================
[seq]
0.51560000 1494838235
--------------------
[full_sql]
connect db[mysql] on [root@localhost:3306] with password
--------------------
[result]
success
====================db log====================
[seq]
0.54560000 1494838236
--------------------
[full_sql]
select db[mysql] on [root@localhost:3306]
--------------------
[result]
success
====================db log====================
[seq]
0.54960000 1494838236
--------------------
[full_sql]
close db[mysql:co_page] on [root@localhost:3306]
--------------------
[result]
success
====================db log====================
[seq]
0.59960000 1494838236
--------------------
[full_sql]
connect db[mysql] on [root@localhost:3306] with password
--------------------
[result]
success
====================db log====================
[seq]
0.61960000 1494838237
--------------------
[full_sql]
select db[mysql] on [root@localhost:3306]
--------------------
[result]
success
====================db log====================
[seq]
0.62260000 1494838237
--------------------
[unmixed_query]
select * from user order by id DESC limit 0,5
--------------------
[unmixed_params]
Array
(
)

--------------------
[full_sql]
select * from user order by id DESC limit 0,5
--------------------
[result]
Array
(
    [0] => Array
        (
            [id] => 26
            [name] => mm
        )

    [1] => Array
        (
            [id] => 25
            [name] => nn
        )

    [2] => Array
        (
            [id] => 24
            [name] => bb
        )

    [3] => Array
        (
            [id] => 23
            [name] => cc
        )

    [4] => Array
        (
            [id] => 22
            [name] => vv
        )

)

====================db log====================
[seq]
0.57360000 1494838265
--------------------
[full_sql]
connect db[mysql] on [root@localhost:3306] with password
--------------------
[result]
success
====================db log====================
[seq]
0.59960000 1494838266
--------------------
[full_sql]
select db[mysql] on [root@localhost:3306]
--------------------
[result]
success
====================db log====================
[seq]
0.60260000 1494838266
--------------------
[full_sql]
close db[mysql:co_page] on [root@localhost:3306]
--------------------
[result]
success
====================db log====================
[seq]
0.64360000 1494838266
--------------------
[full_sql]
connect db[mysql] on [root@localhost:3306] with password
--------------------
[result]
success
====================db log====================
[seq]
0.67260000 1494838267
--------------------
[full_sql]
select db[mysql] on [root@localhost:3306]
--------------------
[result]
success
====================db log====================
[seq]
0.67560000 1494838267
--------------------
[unmixed_query]
select * from user order by id DESC limit 0,5
--------------------
[unmixed_params]
Array
(
)

--------------------
[full_sql]
select * from user order by id DESC limit 0,5
--------------------
[result]
Array
(
    [0] => Array
        (
            [id] => 26
            [name] => mm
        )

    [1] => Array
        (
            [id] => 25
            [name] => nn
        )

    [2] => Array
        (
            [id] => 24
            [name] => bb
        )

    [3] => Array
        (
            [id] => 23
            [name] => cc
        )

    [4] => Array
        (
            [id] => 22
            [name] => vv
        )

)

====================db log====================
[seq]
0.67960000 1494838267
--------------------
[unmixed_query]
select count('id') AS count from user
--------------------
[unmixed_params]
Array
(
)

--------------------
[full_sql]
select count('id') AS count from user
--------------------
[result]
Array
(
    [0] => Array
        (
            [count] => 26
        )

)

====================db log====================
[seq]
0.68260000 1494838267
--------------------
[full_sql]
close db[mysql:co_page] on [root@localhost:3306]
--------------------
[result]
success
====================db log====================
[seq]
0.71460000 1494838267
--------------------
[full_sql]
connect db[mysql] on [root@localhost:3306] with password
--------------------
[result]
success
====================db log====================
[seq]
0.73060000 1494838268
--------------------
[full_sql]
select db[mysql] on [root@localhost:3306]
--------------------
[result]
success
====================db log====================
[seq]
0.73360000 1494838268
--------------------
[unmixed_query]
select * from user order by id DESC limit 0,5
--------------------
[unmixed_params]
Array
(
)

--------------------
[full_sql]
select * from user order by id DESC limit 0,5
--------------------
[result]
Array
(
    [0] => Array
        (
            [id] => 26
            [name] => mm
        )

    [1] => Array
        (
            [id] => 25
            [name] => nn
        )

    [2] => Array
        (
            [id] => 24
            [name] => bb
        )

    [3] => Array
        (
            [id] => 23
            [name] => cc
        )

    [4] => Array
        (
            [id] => 22
            [name] => vv
        )

)

====================db log====================
[seq]
0.73860000 1494838268
--------------------
[unmixed_query]
select count('id') AS count from user
--------------------
[unmixed_params]
Array
(
)

--------------------
[full_sql]
select count('id') AS count from user
--------------------
[result]
Array
(
    [0] => Array
        (
            [count] => 26
        )

)

====================db log====================
[seq]
0.74260000 1494838268
--------------------
[full_sql]
close db[mysql:co_page] on [root@localhost:3306]
--------------------
[result]
success
====================db log====================
[seq]
0.72160000 1494838277
--------------------
[full_sql]
connect db[mysql] on [root@localhost:3306] with password
--------------------
[result]
success
====================db log====================
[seq]
0.75060000 1494838278
--------------------
[full_sql]
select db[mysql] on [root@localhost:3306]
--------------------
[result]
success
====================db log====================
[seq]
0.75460000 1494838278
--------------------
[unmixed_query]
select * from user order by id DESC limit 5,5
--------------------
[unmixed_params]
Array
(
)

--------------------
[full_sql]
select * from user order by id DESC limit 5,5
--------------------
[result]
Array
(
    [0] => Array
        (
            [id] => 21
            [name] => xx
        )

    [1] => Array
        (
            [id] => 20
            [name] => zz
        )

    [2] => Array
        (
            [id] => 19
            [name] => ll
        )

    [3] => Array
        (
            [id] => 18
            [name] => kk
        )

    [4] => Array
        (
            [id] => 17
            [name] => jj
        )

)

====================db log====================
[seq]
0.75860000 1494838278
--------------------
[unmixed_query]
select count('id') AS count from user
--------------------
[unmixed_params]
Array
(
)

--------------------
[full_sql]
select count('id') AS count from user
--------------------
[result]
Array
(
    [0] => Array
        (
            [count] => 26
        )

)

====================db log====================
[seq]
0.76160000 1494838278
--------------------
[full_sql]
close db[mysql:co_page] on [root@localhost:3306]
--------------------
[result]
success
====================db log====================
[seq]
0.95160000 1494838279
--------------------
[full_sql]
connect db[mysql] on [root@localhost:3306] with password
--------------------
[result]
success
====================db log====================
[seq]
0.96660000 1494838280
--------------------
[full_sql]
select db[mysql] on [root@localhost:3306]
--------------------
[result]
success
====================db log====================
[seq]
0.97060000 1494838280
--------------------
[unmixed_query]
select * from user order by id DESC limit 10,5
--------------------
[unmixed_params]
Array
(
)

--------------------
[full_sql]
select * from user order by id DESC limit 10,5
--------------------
[result]
Array
(
    [0] => Array
        (
            [id] => 16
            [name] => hh
        )

    [1] => Array
        (
            [id] => 15
            [name] => gg
        )

    [2] => Array
        (
            [id] => 14
            [name] => ff
        )

    [3] => Array
        (
            [id] => 13
            [name] => dd
        )

    [4] => Array
        (
            [id] => 12
            [name] => ss
        )

)

====================db log====================
[seq]
0.97360000 1494838280
--------------------
[unmixed_query]
select count('id') AS count from user
--------------------
[unmixed_params]
Array
(
)

--------------------
[full_sql]
select count('id') AS count from user
--------------------
[result]
Array
(
    [0] => Array
        (
            [count] => 26
        )

)

====================db log====================
[seq]
0.97760000 1494838280
--------------------
[full_sql]
close db[mysql:co_page] on [root@localhost:3306]
--------------------
[result]
success
====================db log====================
[seq]
0.88060000 1494838281
--------------------
[full_sql]
connect db[mysql] on [root@localhost:3306] with password
--------------------
[result]
success
====================db log====================
[seq]
0.90460000 1494838282
--------------------
[full_sql]
select db[mysql] on [root@localhost:3306]
--------------------
[result]
success
====================db log====================
[seq]
0.90860000 1494838282
--------------------
[unmixed_query]
select * from user order by id DESC limit 15,5
--------------------
[unmixed_params]
Array
(
)

--------------------
[full_sql]
select * from user order by id DESC limit 15,5
--------------------
[result]
Array
(
    [0] => Array
        (
            [id] => 11
            [name] => aa
        )

    [1] => Array
        (
            [id] => 10
            [name] => pp
        )

    [2] => Array
        (
            [id] => 9
            [name] => oo
        )

    [3] => Array
        (
            [id] => 8
            [name] => ii
        )

    [4] => Array
        (
            [id] => 7
            [name] => uu
        )

)

====================db log====================
[seq]
0.91160000 1494838282
--------------------
[unmixed_query]
select count('id') AS count from user
--------------------
[unmixed_params]
Array
(
)

--------------------
[full_sql]
select count('id') AS count from user
--------------------
[result]
Array
(
    [0] => Array
        (
            [count] => 26
        )

)

====================db log====================
[seq]
0.91560000 1494838282
--------------------
[full_sql]
close db[mysql:co_page] on [root@localhost:3306]
--------------------
[result]
success
====================db log====================
[seq]
0.26460000 1494838284
--------------------
[full_sql]
connect db[mysql] on [root@localhost:3306] with password
--------------------
[result]
success
====================db log====================
[seq]
0.27860000 1494838285
--------------------
[full_sql]
select db[mysql] on [root@localhost:3306]
--------------------
[result]
success
====================db log====================
[seq]
0.28160000 1494838285
--------------------
[unmixed_query]
select * from user order by id DESC limit 5,5
--------------------
[unmixed_params]
Array
(
)

--------------------
[full_sql]
select * from user order by id DESC limit 5,5
--------------------
[result]
Array
(
    [0] => Array
        (
            [id] => 21
            [name] => xx
        )

    [1] => Array
        (
            [id] => 20
            [name] => zz
        )

    [2] => Array
        (
            [id] => 19
            [name] => ll
        )

    [3] => Array
        (
            [id] => 18
            [name] => kk
        )

    [4] => Array
        (
            [id] => 17
            [name] => jj
        )

)

====================db log====================
[seq]
0.28560000 1494838285
--------------------
[unmixed_query]
select count('id') AS count from user
--------------------
[unmixed_params]
Array
(
)

--------------------
[full_sql]
select count('id') AS count from user
--------------------
[result]
Array
(
    [0] => Array
        (
            [count] => 26
        )

)

====================db log====================
[seq]
0.28860000 1494838285
--------------------
[full_sql]
close db[mysql:co_page] on [root@localhost:3306]
--------------------
[result]
success
====================db log====================
[seq]
0.09060000 1494838287
--------------------
[full_sql]
connect db[mysql] on [root@localhost:3306] with password
--------------------
[result]
success
====================db log====================
[seq]
0.11460000 1494838288
--------------------
[full_sql]
select db[mysql] on [root@localhost:3306]
--------------------
[result]
success
====================db log====================
[seq]
0.11860000 1494838288
--------------------
[unmixed_query]
select * from user order by id DESC limit 10,5
--------------------
[unmixed_params]
Array
(
)

--------------------
[full_sql]
select * from user order by id DESC limit 10,5
--------------------
[result]
Array
(
    [0] => Array
        (
            [id] => 16
            [name] => hh
        )

    [1] => Array
        (
            [id] => 15
            [name] => gg
        )

    [2] => Array
        (
            [id] => 14
            [name] => ff
        )

    [3] => Array
        (
            [id] => 13
            [name] => dd
        )

    [4] => Array
        (
            [id] => 12
            [name] => ss
        )

)

====================db log====================
[seq]
0.12160000 1494838288
--------------------
[unmixed_query]
select count('id') AS count from user
--------------------
[unmixed_params]
Array
(
)

--------------------
[full_sql]
select count('id') AS count from user
--------------------
[result]
Array
(
    [0] => Array
        (
            [count] => 26
        )

)

====================db log====================
[seq]
0.12460000 1494838288
--------------------
[full_sql]
close db[mysql:co_page] on [root@localhost:3306]
--------------------
[result]
success
====================db log====================
[seq]
0.70560000 1494838288
--------------------
[full_sql]
connect db[mysql] on [root@localhost:3306] with password
--------------------
[result]
success
====================db log====================
[seq]
0.72360000 1494838289
--------------------
[full_sql]
select db[mysql] on [root@localhost:3306]
--------------------
[result]
success
====================db log====================
[seq]
0.72660000 1494838289
--------------------
[unmixed_query]
select * from user order by id DESC limit 25,5
--------------------
[unmixed_params]
Array
(
)

--------------------
[full_sql]
select * from user order by id DESC limit 25,5
--------------------
[result]
Array
(
    [0] => Array
        (
            [id] => 1
            [name] => qq
        )

)

====================db log====================
[seq]
0.72960000 1494838289
--------------------
[unmixed_query]
select count('id') AS count from user
--------------------
[unmixed_params]
Array
(
)

--------------------
[full_sql]
select count('id') AS count from user
--------------------
[result]
Array
(
    [0] => Array
        (
            [count] => 26
        )

)

====================db log====================
[seq]
0.73360000 1494838289
--------------------
[full_sql]
close db[mysql:co_page] on [root@localhost:3306]
--------------------
[result]
success
====================db log====================
[seq]
0.16860000 1494838303
--------------------
[full_sql]
connect db[mysql] on [root@localhost:3306] with password
--------------------
[result]
success
====================db log====================
[seq]
0.19560000 1494838304
--------------------
[full_sql]
select db[mysql] on [root@localhost:3306]
--------------------
[result]
success
====================db log====================
[seq]
0.19860000 1494838304
--------------------
[full_sql]
close db[mysql:co_page] on [root@localhost:3306]
--------------------
[result]
success
====================db log====================
[seq]
0.24260000 1494838304
--------------------
[full_sql]
connect db[mysql] on [root@localhost:3306] with password
--------------------
[result]
success
====================db log====================
[seq]
0.25960000 1494838305
--------------------
[full_sql]
select db[mysql] on [root@localhost:3306]
--------------------
[result]
success
====================db log====================
[seq]
0.26360000 1494838305
--------------------
[unmixed_query]
select * from user order by id DESC limit 0,3
--------------------
[unmixed_params]
Array
(
)

--------------------
[full_sql]
select * from user order by id DESC limit 0,3
--------------------
[result]
Array
(
    [0] => Array
        (
            [id] => 26
            [name] => mm
        )

    [1] => Array
        (
            [id] => 25
            [name] => nn
        )

    [2] => Array
        (
            [id] => 24
            [name] => bb
        )

)

====================db log====================
[seq]
0.26760000 1494838305
--------------------
[unmixed_query]
select count('id') AS count from user
--------------------
[unmixed_params]
Array
(
)

--------------------
[full_sql]
select count('id') AS count from user
--------------------
[result]
Array
(
    [0] => Array
        (
            [count] => 26
        )

)

====================db log====================
[seq]
0.27060000 1494838305
--------------------
[full_sql]
close db[mysql:co_page] on [root@localhost:3306]
--------------------
[result]
success
====================db log====================
[seq]
0.29960000 1494838305
--------------------
[full_sql]
connect db[mysql] on [root@localhost:3306] with password
--------------------
[result]
success
====================db log====================
[seq]
0.32060000 1494838306
--------------------
[full_sql]
select db[mysql] on [root@localhost:3306]
--------------------
[result]
success
====================db log====================
[seq]
0.32460000 1494838306
--------------------
[unmixed_query]
select * from user order by id DESC limit 0,3
--------------------
[unmixed_params]
Array
(
)

--------------------
[full_sql]
select * from user order by id DESC limit 0,3
--------------------
[result]
Array
(
    [0] => Array
        (
            [id] => 26
            [name] => mm
        )

    [1] => Array
        (
            [id] => 25
            [name] => nn
        )

    [2] => Array
        (
            [id] => 24
            [name] => bb
        )

)

====================db log====================
[seq]
0.33060000 1494838306
--------------------
[unmixed_query]
select count('id') AS count from user
--------------------
[unmixed_params]
Array
(
)

--------------------
[full_sql]
select count('id') AS count from user
--------------------
[result]
Array
(
    [0] => Array
        (
            [count] => 26
        )

)

====================db log====================
[seq]
0.33460000 1494838306
--------------------
[full_sql]
close db[mysql:co_page] on [root@localhost:3306]
--------------------
[result]
success
====================db log====================
[seq]
0.96160000 1494838311
--------------------
[full_sql]
connect db[mysql] on [root@localhost:3306] with password
--------------------
[result]
success
====================db log====================
[seq]
0.97960000 1494838312
--------------------
[full_sql]
select db[mysql] on [root@localhost:3306]
--------------------
[result]
success
====================db log====================
[seq]
0.98360000 1494838312
--------------------
[unmixed_query]
select * from user order by id DESC limit 3,3
--------------------
[unmixed_params]
Array
(
)

--------------------
[full_sql]
select * from user order by id DESC limit 3,3
--------------------
[result]
Array
(
    [0] => Array
        (
            [id] => 23
            [name] => cc
        )

    [1] => Array
        (
            [id] => 22
            [name] => vv
        )

    [2] => Array
        (
            [id] => 21
            [name] => xx
        )

)

====================db log====================
[seq]
0.98760000 1494838312
--------------------
[unmixed_query]
select count('id') AS count from user
--------------------
[unmixed_params]
Array
(
)

--------------------
[full_sql]
select count('id') AS count from user
--------------------
[result]
Array
(
    [0] => Array
        (
            [count] => 26
        )

)

====================db log====================
[seq]
0.99060000 1494838312
--------------------
[full_sql]
close db[mysql:co_page] on [root@localhost:3306]
--------------------
[result]
success
====================db log====================
[seq]
0.99860000 1494838312
--------------------
[full_sql]
connect db[mysql] on [root@localhost:3306] with password
--------------------
[result]
success
====================db log====================
[seq]
0.01960000 1494838314
--------------------
[full_sql]
select db[mysql] on [root@localhost:3306]
--------------------
[result]
success
====================db log====================
[seq]
0.02360000 1494838314
--------------------
[unmixed_query]
select * from user order by id DESC limit 6,3
--------------------
[unmixed_params]
Array
(
)

--------------------
[full_sql]
select * from user order by id DESC limit 6,3
--------------------
[result]
Array
(
    [0] => Array
        (
            [id] => 20
            [name] => zz
        )

    [1] => Array
        (
            [id] => 19
            [name] => ll
        )

    [2] => Array
        (
            [id] => 18
            [name] => kk
        )

)

====================db log====================
[seq]
0.02660000 1494838314
--------------------
[unmixed_query]
select count('id') AS count from user
--------------------
[unmixed_params]
Array
(
)

--------------------
[full_sql]
select count('id') AS count from user
--------------------
[result]
Array
(
    [0] => Array
        (
            [count] => 26
        )

)

====================db log====================
[seq]
0.02960000 1494838314
--------------------
[full_sql]
close db[mysql:co_page] on [root@localhost:3306]
--------------------
[result]
success
====================db log====================
[seq]
0.03860000 1494838314
--------------------
[full_sql]
connect db[mysql] on [root@localhost:3306] with password
--------------------
[result]
success
====================db log====================
[seq]
0.06460000 1494838315
--------------------
[full_sql]
select db[mysql] on [root@localhost:3306]
--------------------
[result]
success
====================db log====================
[seq]
0.06860000 1494838315
--------------------
[unmixed_query]
select * from user order by id DESC limit 9,3
--------------------
[unmixed_params]
Array
(
)

--------------------
[full_sql]
select * from user order by id DESC limit 9,3
--------------------
[result]
Array
(
    [0] => Array
        (
            [id] => 17
            [name] => jj
        )

    [1] => Array
        (
            [id] => 16
            [name] => hh
        )

    [2] => Array
        (
            [id] => 15
            [name] => gg
        )

)

====================db log====================
[seq]
0.07160000 1494838315
--------------------
[unmixed_query]
select count('id') AS count from user
--------------------
[unmixed_params]
Array
(
)

--------------------
[full_sql]
select count('id') AS count from user
--------------------
[result]
Array
(
    [0] => Array
        (
            [count] => 26
        )

)

====================db log====================
[seq]
0.07460000 1494838315
--------------------
[full_sql]
close db[mysql:co_page] on [root@localhost:3306]
--------------------
[result]
success
====================db log====================
[seq]
0.08260000 1494838315
--------------------
[full_sql]
connect db[mysql] on [root@localhost:3306] with password
--------------------
[result]
success
====================db log====================
[seq]
0.10860000 1494838316
--------------------
[full_sql]
select db[mysql] on [root@localhost:3306]
--------------------
[result]
success
====================db log====================
[seq]
0.11360000 1494838316
--------------------
[unmixed_query]
select * from user order by id DESC limit 12,3
--------------------
[unmixed_params]
Array
(
)

--------------------
[full_sql]
select * from user order by id DESC limit 12,3
--------------------
[result]
Array
(
    [0] => Array
        (
            [id] => 14
            [name] => ff
        )

    [1] => Array
        (
            [id] => 13
            [name] => dd
        )

    [2] => Array
        (
            [id] => 12
            [name] => ss
        )

)

====================db log====================
[seq]
0.11660000 1494838316
--------------------
[unmixed_query]
select count('id') AS count from user
--------------------
[unmixed_params]
Array
(
)

--------------------
[full_sql]
select count('id') AS count from user
--------------------
[result]
Array
(
    [0] => Array
        (
            [count] => 26
        )

)

====================db log====================
[seq]
0.11960000 1494838316
--------------------
[full_sql]
close db[mysql:co_page] on [root@localhost:3306]
--------------------
[result]
success
====================db log====================
[seq]
0.12760000 1494838316
--------------------
[full_sql]
connect db[mysql] on [root@localhost:3306] with password
--------------------
[result]
success
====================db log====================
[seq]
0.13360000 1494838317
--------------------
[full_sql]
select db[mysql] on [root@localhost:3306]
--------------------
[result]
success
====================db log====================
[seq]
0.13760000 1494838317
--------------------
[unmixed_query]
select * from user order by id DESC limit 15,3
--------------------
[unmixed_params]
Array
(
)

--------------------
[full_sql]
select * from user order by id DESC limit 15,3
--------------------
[result]
Array
(
    [0] => Array
        (
            [id] => 11
            [name] => aa
        )

    [1] => Array
        (
            [id] => 10
            [name] => pp
        )

    [2] => Array
        (
            [id] => 9
            [name] => oo
        )

)

====================db log====================
[seq]
0.14060000 1494838317
--------------------
[unmixed_query]
select count('id') AS count from user
--------------------
[unmixed_params]
Array
(
)

--------------------
[full_sql]
select count('id') AS count from user
--------------------
[result]
Array
(
    [0] => Array
        (
            [count] => 26
        )

)

====================db log====================
[seq]
0.14460000 1494838317
--------------------
[full_sql]
close db[mysql:co_page] on [root@localhost:3306]
--------------------
[result]
success
====================db log====================
[seq]
0.68160000 1494838318
--------------------
[full_sql]
connect db[mysql] on [root@localhost:3306] with password
--------------------
[result]
success
====================db log====================
[seq]
0.71160000 1494838319
--------------------
[full_sql]
select db[mysql] on [root@localhost:3306]
--------------------
[result]
success
====================db log====================
[seq]
0.71560000 1494838319
--------------------
[unmixed_query]
select * from user order by id DESC limit 18,3
--------------------
[unmixed_params]
Array
(
)

--------------------
[full_sql]
select * from user order by id DESC limit 18,3
--------------------
[result]
Array
(
    [0] => Array
        (
            [id] => 8
            [name] => ii
        )

    [1] => Array
        (
            [id] => 7
            [name] => uu
        )

    [2] => Array
        (
            [id] => 6
            [name] => yy
        )

)

====================db log====================
[seq]
0.71860000 1494838319
--------------------
[unmixed_query]
select count('id') AS count from user
--------------------
[unmixed_params]
Array
(
)

--------------------
[full_sql]
select count('id') AS count from user
--------------------
[result]
Array
(
    [0] => Array
        (
            [count] => 26
        )

)

====================db log====================
[seq]
0.72160000 1494838319
--------------------
[full_sql]
close db[mysql:co_page] on [root@localhost:3306]
--------------------
[result]
success
====================db log====================
[seq]
0.89560000 1494838321
--------------------
[full_sql]
connect db[mysql] on [root@localhost:3306] with password
--------------------
[result]
success
====================db log====================
[seq]
0.91260000 1494838322
--------------------
[full_sql]
select db[mysql] on [root@localhost:3306]
--------------------
[result]
success
====================db log====================
[seq]
0.91560000 1494838322
--------------------
[unmixed_query]
select * from user order by id DESC limit 24,3
--------------------
[unmixed_params]
Array
(
)

--------------------
[full_sql]
select * from user order by id DESC limit 24,3
--------------------
[result]
Array
(
    [0] => Array
        (
            [id] => 2
            [name] => ww
        )

    [1] => Array
        (
            [id] => 1
            [name] => qq
        )

)

====================db log====================
[seq]
0.91960000 1494838322
--------------------
[unmixed_query]
select count('id') AS count from user
--------------------
[unmixed_params]
Array
(
)

--------------------
[full_sql]
select count('id') AS count from user
--------------------
[result]
Array
(
    [0] => Array
        (
            [count] => 26
        )

)

====================db log====================
[seq]
0.92260000 1494838322
--------------------
[full_sql]
close db[mysql:co_page] on [root@localhost:3306]
--------------------
[result]
success
====================db log====================
[seq]
0.77760000 1494838332
--------------------
[full_sql]
connect db[mysql] on [root@localhost:3306] with password
--------------------
[result]
success
====================db log====================
[seq]
0.80360000 1494838333
--------------------
[full_sql]
select db[mysql] on [root@localhost:3306]
--------------------
[result]
success
====================db log====================
[seq]
0.80660000 1494838333
--------------------
[unmixed_query]
select * from user order by id DESC limit 0,3
--------------------
[unmixed_params]
Array
(
)

--------------------
[full_sql]
select * from user order by id DESC limit 0,3
--------------------
[result]
Array
(
    [0] => Array
        (
            [id] => 26
            [name] => mm
        )

    [1] => Array
        (
            [id] => 25
            [name] => nn
        )

    [2] => Array
        (
            [id] => 24
            [name] => bb
        )

)

====================db log====================
[seq]
0.81060000 1494838333
--------------------
[unmixed_query]
select count('id') AS count from user
--------------------
[unmixed_params]
Array
(
)

--------------------
[full_sql]
select count('id') AS count from user
--------------------
[result]
Array
(
    [0] => Array
        (
            [count] => 26
        )

)

====================db log====================
[seq]
0.81360000 1494838333
--------------------
[full_sql]
close db[mysql:co_page] on [root@localhost:3306]
--------------------
[result]
success
====================db log====================
[seq]
0.91960000 1494838680
--------------------
[full_sql]
connect db[mysql] on [root@localhost:3306] with password
--------------------
[result]
success
====================db log====================
[seq]
0.93960000 1494838681
--------------------
[full_sql]
select db[mysql] on [root@localhost:3306]
--------------------
[result]
success
====================db log====================
[seq]
0.94260000 1494838681
--------------------
[full_sql]
close db[mysql:co_page] on [root@localhost:3306]
--------------------
[result]
success
====================db log====================
[seq]
0.99760000 1494838681
--------------------
[full_sql]
connect db[mysql] on [root@localhost:3306] with password
--------------------
[result]
success
====================db log====================
[seq]
0.02160000 1494838683
--------------------
[full_sql]
select db[mysql] on [root@localhost:3306]
--------------------
[result]
success
====================db log====================
[seq]
0.02460000 1494838683
--------------------
[unmixed_query]
select * from user order by id DESC limit 0,3
--------------------
[unmixed_params]
Array
(
)

--------------------
[full_sql]
select * from user order by id DESC limit 0,3
--------------------
[result]
Array
(
    [0] => Array
        (
            [id] => 26
            [name] => mm
        )

    [1] => Array
        (
            [id] => 25
            [name] => nn
        )

    [2] => Array
        (
            [id] => 24
            [name] => bb
        )

)

====================db log====================
[seq]
0.02860000 1494838683
--------------------
[unmixed_query]
select count('id') AS count from user
--------------------
[unmixed_params]
Array
(
)

--------------------
[full_sql]
select count('id') AS count from user
--------------------
[result]
Array
(
    [0] => Array
        (
            [count] => 26
        )

)

====================db log====================
[seq]
0.03160000 1494838683
--------------------
[full_sql]
close db[mysql:co_page] on [root@localhost:3306]
--------------------
[result]
success
====================db log====================
[seq]
0.06260000 1494838683
--------------------
[full_sql]
connect db[mysql] on [root@localhost:3306] with password
--------------------
[result]
success
====================db log====================
[seq]
0.08360000 1494838684
--------------------
[full_sql]
select db[mysql] on [root@localhost:3306]
--------------------
[result]
success
====================db log====================
[seq]
0.08860000 1494838684
--------------------
[unmixed_query]
select * from user order by id DESC limit 0,3
--------------------
[unmixed_params]
Array
(
)

--------------------
[full_sql]
select * from user order by id DESC limit 0,3
--------------------
[result]
Array
(
    [0] => Array
        (
            [id] => 26
            [name] => mm
        )

    [1] => Array
        (
            [id] => 25
            [name] => nn
        )

    [2] => Array
        (
            [id] => 24
            [name] => bb
        )

)

====================db log====================
[seq]
0.09160000 1494838684
--------------------
[unmixed_query]
select count('id') AS count from user
--------------------
[unmixed_params]
Array
(
)

--------------------
[full_sql]
select count('id') AS count from user
--------------------
[result]
Array
(
    [0] => Array
        (
            [count] => 26
        )

)

====================db log====================
[seq]
0.09560000 1494838684
--------------------
[full_sql]
close db[mysql:co_page] on [root@localhost:3306]
--------------------
[result]
success
====================db log====================
[seq]
0.51160000 1494838684
--------------------
[full_sql]
connect db[mysql] on [root@localhost:3306] with password
--------------------
[result]
success
====================db log====================
[seq]
0.53760000 1494838685
--------------------
[full_sql]
select db[mysql] on [root@localhost:3306]
--------------------
[result]
success
====================db log====================
[seq]
0.54160000 1494838685
--------------------
[unmixed_query]
select * from user order by id DESC limit 3,3
--------------------
[unmixed_params]
Array
(
)

--------------------
[full_sql]
select * from user order by id DESC limit 3,3
--------------------
[result]
Array
(
    [0] => Array
        (
            [id] => 23
            [name] => cc
        )

    [1] => Array
        (
            [id] => 22
            [name] => vv
        )

    [2] => Array
        (
            [id] => 21
            [name] => xx
        )

)

====================db log====================
[seq]
0.54560000 1494838685
--------------------
[unmixed_query]
select count('id') AS count from user
--------------------
[unmixed_params]
Array
(
)

--------------------
[full_sql]
select count('id') AS count from user
--------------------
[result]
Array
(
    [0] => Array
        (
            [count] => 26
        )

)

====================db log====================
[seq]
0.54860000 1494838685
--------------------
[full_sql]
close db[mysql:co_page] on [root@localhost:3306]
--------------------
[result]
success
====================db log====================
[seq]
0.21660000 1494838686
--------------------
[full_sql]
connect db[mysql] on [root@localhost:3306] with password
--------------------
[result]
success
====================db log====================
[seq]
0.24360000 1494838687
--------------------
[full_sql]
select db[mysql] on [root@localhost:3306]
--------------------
[result]
success
====================db log====================
[seq]
0.24660000 1494838687
--------------------
[unmixed_query]
select * from user order by id DESC limit 6,3
--------------------
[unmixed_params]
Array
(
)

--------------------
[full_sql]
select * from user order by id DESC limit 6,3
--------------------
[result]
Array
(
    [0] => Array
        (
            [id] => 20
            [name] => zz
        )

    [1] => Array
        (
            [id] => 19
            [name] => ll
        )

    [2] => Array
        (
            [id] => 18
            [name] => kk
        )

)

====================db log====================
[seq]
0.25060000 1494838687
--------------------
[unmixed_query]
select count('id') AS count from user
--------------------
[unmixed_params]
Array
(
)

--------------------
[full_sql]
select count('id') AS count from user
--------------------
[result]
Array
(
    [0] => Array
        (
            [count] => 26
        )

)

====================db log====================
[seq]
0.25360000 1494838687
--------------------
[full_sql]
close db[mysql:co_page] on [root@localhost:3306]
--------------------
[result]
success
====================db log====================
[seq]
0.16060000 1494838688
--------------------
[full_sql]
connect db[mysql] on [root@localhost:3306] with password
--------------------
[result]
success
====================db log====================
[seq]
0.17560000 1494838689
--------------------
[full_sql]
select db[mysql] on [root@localhost:3306]
--------------------
[result]
success
====================db log====================
[seq]
0.17960000 1494838689
--------------------
[unmixed_query]
select * from user order by id DESC limit 9,3
--------------------
[unmixed_params]
Array
(
)

--------------------
[full_sql]
select * from user order by id DESC limit 9,3
--------------------
[result]
Array
(
    [0] => Array
        (
            [id] => 17
            [name] => jj
        )

    [1] => Array
        (
            [id] => 16
            [name] => hh
        )

    [2] => Array
        (
            [id] => 15
            [name] => gg
        )

)

====================db log====================
[seq]
0.18260000 1494838689
--------------------
[unmixed_query]
select count('id') AS count from user
--------------------
[unmixed_params]
Array
(
)

--------------------
[full_sql]
select count('id') AS count from user
--------------------
[result]
Array
(
    [0] => Array
        (
            [count] => 26
        )

)

====================db log====================
[seq]
0.18660000 1494838689
--------------------
[full_sql]
close db[mysql:co_page] on [root@localhost:3306]
--------------------
[result]
success
====================db log====================
[seq]
0.06560000 1494838729
--------------------
[full_sql]
connect db[mysql] on [root@localhost:3306] with password
--------------------
[result]
success
====================db log====================
[seq]
0.08460000 1494838730
--------------------
[full_sql]
select db[mysql] on [root@localhost:3306]
--------------------
[result]
success
====================db log====================
[seq]
0.08760000 1494838730
--------------------
[full_sql]
close db[mysql:co_page] on [root@localhost:3306]
--------------------
[result]
success
====================db log====================
[seq]
0.14560000 1494838730
--------------------
[full_sql]
connect db[mysql] on [root@localhost:3306] with password
--------------------
[result]
success
====================db log====================
[seq]
0.17260000 1494838731
--------------------
[full_sql]
select db[mysql] on [root@localhost:3306]
--------------------
[result]
success
====================db log====================
[seq]
0.17560000 1494838731
--------------------
[unmixed_query]
select * from user1 order by id DESC limit 0,3
--------------------
[unmixed_params]
Array
(
)

--------------------
[full_sql]
select * from user1 order by id DESC limit 0,3
--------------------
[result]

====================db log====================
[seq]
0.17860000 1494838731
--------------------
[unmixed_query]
select count('id') AS count from user
--------------------
[unmixed_params]
Array
(
)

--------------------
[full_sql]
select count('id') AS count from user
--------------------
[result]
Array
(
    [0] => Array
        (
            [count] => 26
        )

)

====================db log====================
[seq]
0.18260000 1494838731
--------------------
[full_sql]
close db[mysql:co_page] on [root@localhost:3306]
--------------------
[result]
success
====================db log====================
[seq]
0.20960000 1494838731
--------------------
[full_sql]
connect db[mysql] on [root@localhost:3306] with password
--------------------
[result]
success
====================db log====================
[seq]
0.22660000 1494838732
--------------------
[full_sql]
select db[mysql] on [root@localhost:3306]
--------------------
[result]
success
====================db log====================
[seq]
0.23160000 1494838732
--------------------
[unmixed_query]
select * from user1 order by id DESC limit 0,3
--------------------
[unmixed_params]
Array
(
)

--------------------
[full_sql]
select * from user1 order by id DESC limit 0,3
--------------------
[result]

====================db log====================
[seq]
0.23560000 1494838732
--------------------
[unmixed_query]
select count('id') AS count from user
--------------------
[unmixed_params]
Array
(
)

--------------------
[full_sql]
select count('id') AS count from user
--------------------
[result]
Array
(
    [0] => Array
        (
            [count] => 26
        )

)

====================db log====================
[seq]
0.23960000 1494838732
--------------------
[full_sql]
close db[mysql:co_page] on [root@localhost:3306]
--------------------
[result]
success
====================db log====================
[seq]
0.69360000 1494838740
--------------------
[full_sql]
connect db[mysql] on [root@localhost:3306] with password
--------------------
[result]
success
====================db log====================
[seq]
0.71960000 1494838741
--------------------
[full_sql]
select db[mysql] on [root@localhost:3306]
--------------------
[result]
success
====================db log====================
[seq]
0.72360000 1494838741
--------------------
[full_sql]
close db[mysql:co_page] on [root@localhost:3306]
--------------------
[result]
success
====================db log====================
[seq]
0.77360000 1494838741
--------------------
[full_sql]
connect db[mysql] on [root@localhost:3306] with password
--------------------
[result]
success
====================db log====================
[seq]
0.80560000 1494838742
--------------------
[full_sql]
select db[mysql] on [root@localhost:3306]
--------------------
[result]
success
====================db log====================
[seq]
0.80860000 1494838742
--------------------
[unmixed_query]
select * from user1 order by id DESC limit 0,3
--------------------
[unmixed_params]
Array
(
)

--------------------
[full_sql]
select * from user1 order by id DESC limit 0,3
--------------------
[result]

====================db log====================
[seq]
0.81160000 1494838742
--------------------
[unmixed_query]
select count('id') AS count from user1
--------------------
[unmixed_params]
Array
(
)

--------------------
[full_sql]
select count('id') AS count from user1
--------------------
[result]
Array
(
    [0] => Array
        (
            [count] => 0
        )

)

====================db log====================
[seq]
0.81460000 1494838742
--------------------
[full_sql]
close db[mysql:co_page] on [root@localhost:3306]
--------------------
[result]
success
====================db log====================
[seq]
0.83560000 1494838742
--------------------
[full_sql]
connect db[mysql] on [root@localhost:3306] with password
--------------------
[result]
success
====================db log====================
[seq]
0.85560000 1494838743
--------------------
[full_sql]
select db[mysql] on [root@localhost:3306]
--------------------
[result]
success
====================db log====================
[seq]
0.85860000 1494838743
--------------------
[unmixed_query]
select * from user1 order by id DESC limit 0,3
--------------------
[unmixed_params]
Array
(
)

--------------------
[full_sql]
select * from user1 order by id DESC limit 0,3
--------------------
[result]

====================db log====================
[seq]
0.86260000 1494838743
--------------------
[unmixed_query]
select count('id') AS count from user1
--------------------
[unmixed_params]
Array
(
)

--------------------
[full_sql]
select count('id') AS count from user1
--------------------
[result]
Array
(
    [0] => Array
        (
            [count] => 0
        )

)

====================db log====================
[seq]
0.86660000 1494838743
--------------------
[full_sql]
close db[mysql:co_page] on [root@localhost:3306]
--------------------
[result]
success
====================db log====================
[seq]
0.15960000 1494838801
--------------------
[full_sql]
connect db[mysql] on [root@localhost:3306] with password
--------------------
[result]
success
====================db log====================
[seq]
0.18160000 1494838802
--------------------
[full_sql]
select db[mysql] on [root@localhost:3306]
--------------------
[result]
success
====================db log====================
[seq]
0.18560000 1494838802
--------------------
[full_sql]
close db[mysql:co_page] on [root@localhost:3306]
--------------------
[result]
success
====================db log====================
[seq]
0.70860000 1494838813
--------------------
[full_sql]
connect db[mysql] on [root@localhost:3306] with password
--------------------
[result]
success
====================db log====================
[seq]
0.73860000 1494838814
--------------------
[full_sql]
select db[mysql] on [root@localhost:3306]
--------------------
[result]
success
====================db log====================
[seq]
0.74260000 1494838814
--------------------
[full_sql]
close db[mysql:co_page] on [root@localhost:3306]
--------------------
[result]
success
====================db log====================
[seq]
0.79160000 1494838814
--------------------
[full_sql]
connect db[mysql] on [root@localhost:3306] with password
--------------------
[result]
success
====================db log====================
[seq]
0.80260000 1494838815
--------------------
[full_sql]
select db[mysql] on [root@localhost:3306]
--------------------
[result]
success
====================db log====================
[seq]
0.80560000 1494838815
--------------------
[unmixed_query]
select * from user1 order by id DESC limit 0,3
--------------------
[unmixed_params]
Array
(
)

--------------------
[full_sql]
select * from user1 order by id DESC limit 0,3
--------------------
[result]

====================db log====================
[seq]
0.80960000 1494838815
--------------------
[unmixed_query]
select count('id') AS count from user1
--------------------
[unmixed_params]
Array
(
)

--------------------
[full_sql]
select count('id') AS count from user1
--------------------
[result]
Array
(
    [0] => Array
        (
            [count] => 0
        )

)

====================db log====================
[seq]
0.81260000 1494838815
--------------------
[full_sql]
close db[mysql:co_page] on [root@localhost:3306]
--------------------
[result]
success
====================db log====================
[seq]
0.84060000 1494838815
--------------------
[full_sql]
connect db[mysql] on [root@localhost:3306] with password
--------------------
[result]
success
====================db log====================
[seq]
0.84660000 1494838816
--------------------
[full_sql]
select db[mysql] on [root@localhost:3306]
--------------------
[result]
success
====================db log====================
[seq]
0.85060000 1494838816
--------------------
[unmixed_query]
select * from user1 order by id DESC limit 0,3
--------------------
[unmixed_params]
Array
(
)

--------------------
[full_sql]
select * from user1 order by id DESC limit 0,3
--------------------
[result]

====================db log====================
[seq]
0.85360000 1494838816
--------------------
[unmixed_query]
select count('id') AS count from user1
--------------------
[unmixed_params]
Array
(
)

--------------------
[full_sql]
select count('id') AS count from user1
--------------------
[result]
Array
(
    [0] => Array
        (
            [count] => 0
        )

)

====================db log====================
[seq]
0.85660000 1494838816
--------------------
[full_sql]
close db[mysql:co_page] on [root@localhost:3306]
--------------------
[result]
success
====================db log====================
[seq]
0.13960000 1494838864
--------------------
[full_sql]
connect db[mysql] on [root@localhost:3306] with password
--------------------
[result]
success
====================db log====================
[seq]
0.15560000 1494838865
--------------------
[full_sql]
select db[mysql] on [root@localhost:3306]
--------------------
[result]
success
====================db log====================
[seq]
0.15960000 1494838865
--------------------
[full_sql]
close db[mysql:co_page] on [root@localhost:3306]
--------------------
[result]
success
====================db log====================
[seq]
0.21160000 1494838865
--------------------
[full_sql]
connect db[mysql] on [root@localhost:3306] with password
--------------------
[result]
success
====================db log====================
[seq]
0.23760000 1494838866
--------------------
[full_sql]
select db[mysql] on [root@localhost:3306]
--------------------
[result]
success
====================db log====================
[seq]
0.24060000 1494838866
--------------------
[unmixed_query]
select * from user1 order by id DESC limit 0,3
--------------------
[unmixed_params]
Array
(
)

--------------------
[full_sql]
select * from user1 order by id DESC limit 0,3
--------------------
[result]

====================db log====================
[seq]
0.24460000 1494838866
--------------------
[unmixed_query]
select count('id') AS count from user1
--------------------
[unmixed_params]
Array
(
)

--------------------
[full_sql]
select count('id') AS count from user1
--------------------
[result]
Array
(
    [0] => Array
        (
            [count] => 0
        )

)

====================db log====================
[seq]
0.24760000 1494838866
--------------------
[full_sql]
close db[mysql:co_page] on [root@localhost:3306]
--------------------
[result]
success
====================db log====================
[seq]
0.27560000 1494838866
--------------------
[full_sql]
connect db[mysql] on [root@localhost:3306] with password
--------------------
[result]
success
====================db log====================
[seq]
0.28360000 1494838867
--------------------
[full_sql]
select db[mysql] on [root@localhost:3306]
--------------------
[result]
success
====================db log====================
[seq]
0.28760000 1494838867
--------------------
[unmixed_query]
select * from user1 order by id DESC limit 0,3
--------------------
[unmixed_params]
Array
(
)

--------------------
[full_sql]
select * from user1 order by id DESC limit 0,3
--------------------
[result]

====================db log====================
[seq]
0.29060000 1494838867
--------------------
[unmixed_query]
select count('id') AS count from user1
--------------------
[unmixed_params]
Array
(
)

--------------------
[full_sql]
select count('id') AS count from user1
--------------------
[result]
Array
(
    [0] => Array
        (
            [count] => 0
        )

)

====================db log====================
[seq]
0.29460000 1494838867
--------------------
[full_sql]
close db[mysql:co_page] on [root@localhost:3306]
--------------------
[result]
success
====================db log====================
[seq]
0.95960000 1494839363
--------------------
[full_sql]
connect db[mysql] on [root@localhost:3306] with password
--------------------
[result]
success
====================db log====================
[seq]
0.98860000 1494839364
--------------------
[full_sql]
select db[mysql] on [root@localhost:3306]
--------------------
[result]
success
====================db log====================
[seq]
0.99160000 1494839364
--------------------
[full_sql]
close db[mysql:co_page] on [root@localhost:3306]
--------------------
[result]
success
====================db log====================
[seq]
0.03360000 1494839365
--------------------
[full_sql]
connect db[mysql] on [root@localhost:3306] with password
--------------------
[result]
success
====================db log====================
[seq]
0.05160000 1494839366
--------------------
[full_sql]
select db[mysql] on [root@localhost:3306]
--------------------
[result]
success
====================db log====================
[seq]
0.05460000 1494839366
--------------------
[unmixed_query]
select * from user order by id DESC limit 0,3
--------------------
[unmixed_params]
Array
(
)

--------------------
[full_sql]
select * from user order by id DESC limit 0,3
--------------------
[result]
Array
(
    [0] => Array
        (
            [id] => 26
            [name] => mm
        )

    [1] => Array
        (
            [id] => 25
            [name] => nn
        )

    [2] => Array
        (
            [id] => 24
            [name] => bb
        )

)

====================db log====================
[seq]
0.05860000 1494839366
--------------------
[unmixed_query]
select count('id') AS count from user
--------------------
[unmixed_params]
Array
(
)

--------------------
[full_sql]
select count('id') AS count from user
--------------------
[result]
Array
(
    [0] => Array
        (
            [count] => 26
        )

)

====================db log====================
[seq]
0.06460000 1494839366
--------------------
[full_sql]
close db[mysql:co_page] on [root@localhost:3306]
--------------------
[result]
success
====================db log====================
[seq]
0.09460000 1494839366
--------------------
[full_sql]
connect db[mysql] on [root@localhost:3306] with password
--------------------
[result]
success
====================db log====================
[seq]
0.11160000 1494839367
--------------------
[full_sql]
select db[mysql] on [root@localhost:3306]
--------------------
[result]
success
====================db log====================
[seq]
0.11460000 1494839367
--------------------
[unmixed_query]
select * from user order by id DESC limit 0,3
--------------------
[unmixed_params]
Array
(
)

--------------------
[full_sql]
select * from user order by id DESC limit 0,3
--------------------
[result]
Array
(
    [0] => Array
        (
            [id] => 26
            [name] => mm
        )

    [1] => Array
        (
            [id] => 25
            [name] => nn
        )

    [2] => Array
        (
            [id] => 24
            [name] => bb
        )

)

====================db log====================
[seq]
0.11860000 1494839367
--------------------
[unmixed_query]
select count('id') AS count from user
--------------------
[unmixed_params]
Array
(
)

--------------------
[full_sql]
select count('id') AS count from user
--------------------
[result]
Array
(
    [0] => Array
        (
            [count] => 26
        )

)

====================db log====================
[seq]
0.12160000 1494839367
--------------------
[full_sql]
close db[mysql:co_page] on [root@localhost:3306]
--------------------
[result]
success
====================db log====================
[seq]
0.48260000 1494839497
--------------------
[full_sql]
connect db[mysql] on [root@localhost:3306] with password
--------------------
[result]
success
====================db log====================
[seq]
0.49460000 1494839498
--------------------
[full_sql]
select db[mysql] on [root@localhost:3306]
--------------------
[result]
success
====================db log====================
[seq]
0.49760000 1494839498
--------------------
[unmixed_query]
select * from user order by id DESC limit 3,3
--------------------
[unmixed_params]
Array
(
)

--------------------
[full_sql]
select * from user order by id DESC limit 3,3
--------------------
[result]
Array
(
    [0] => Array
        (
            [id] => 23
            [name] => cc
        )

    [1] => Array
        (
            [id] => 22
            [name] => vv
        )

    [2] => Array
        (
            [id] => 21
            [name] => xx
        )

)

====================db log====================
[seq]
0.50160000 1494839498
--------------------
[unmixed_query]
select count('id') AS count from user
--------------------
[unmixed_params]
Array
(
)

--------------------
[full_sql]
select count('id') AS count from user
--------------------
[result]
Array
(
    [0] => Array
        (
            [count] => 26
        )

)

====================db log====================
[seq]
0.50460000 1494839498
--------------------
[full_sql]
close db[mysql:co_page] on [root@localhost:3306]
--------------------
[result]
success
