====================db log====================
[seq]
0.75690000 1498459614
--------------------
[full_sql]
connect db[mysqli] on [root@localhost:3306] with password
--------------------
[result]
success
====================db log====================
[seq]
0.05990000 1498459616
--------------------
[full_sql]
select db[mysqli] on [root@localhost:3306]
--------------------
[result]
success
====================db log====================
[seq]
0.09490000 1498459616
--------------------
[full_sql]
close db[mysqli:co_page_select2] on [root@localhost:3306]
--------------------
[result]
success
====================db log====================
[seq]
0.35390000 1498459616
--------------------
[full_sql]
connect db[mysqli] on [root@localhost:3306] with password
--------------------
[result]
success
====================db log====================
[seq]
0.37890000 1498459617
--------------------
[full_sql]
select db[mysqli] on [root@localhost:3306]
--------------------
[result]
success
====================db log====================
[seq]
0.40190000 1498459617
--------------------
[unmixed_query]
select * from user where (name like '%%' OR id like '%%') order by id DESC limit ?,?
--------------------
[unmixed_params]
Array
(
    [0] => 0
    [1] => 3
)

--------------------
[full_sql]
select * from user where (name like '%%' OR id like '%%') order by id DESC limit 0,3
--------------------
[result]
Array
(
    [0] => Array
        (
            [id] => 26
            [name] => mm
        )

    [1] => Array
        (
            [id] => 25
            [name] => nn
        )

    [2] => Array
        (
            [id] => 24
            [name] => bb
        )

)

====================db log====================
[seq]
0.46490000 1498459617
--------------------
[unmixed_query]
select * from user where (name like '%%' OR id like '%%')
--------------------
[unmixed_params]
Array
(
)

--------------------
[full_sql]
select * from user where (name like '%%' OR id like '%%')
--------------------
[result]
Array
(
    [0] => Array
        (
            [id] => 1
            [name] => qq
        )

    [1] => Array
        (
            [id] => 2
            [name] => ww
        )

    [2] => Array
        (
            [id] => 3
            [name] => ee
        )

    [3] => Array
        (
            [id] => 4
            [name] => rr
        )

    [4] => Array
        (
            [id] => 5
            [name] => tt
        )

    [5] => Array
        (
            [id] => 6
            [name] => yy
        )

    [6] => Array
        (
            [id] => 7
            [name] => uu
        )

    [7] => Array
        (
            [id] => 8
            [name] => ii
        )

    [8] => Array
        (
            [id] => 9
            [name] => oo
        )

    [9] => Array
        (
            [id] => 10
            [name] => pp
        )

    [10] => Array
        (
            [id] => 11
            [name] => aa
        )

    [11] => Array
        (
            [id] => 12
            [name] => ss
        )

    [12] => Array
        (
            [id] => 13
            [name] => dd
        )

    [13] => Array
        (
            [id] => 14
            [name] => ff
        )

    [14] => Array
        (
            [id] => 15
            [name] => gg
        )

    [15] => Array
        (
            [id] => 16
            [name] => hh
        )

    [16] => Array
        (
            [id] => 17
            [name] => jj
        )

    [17] => Array
        (
            [id] => 18
            [name] => kk
        )

    [18] => Array
        (
            [id] => 19
            [name] => ll
        )

    [19] => Array
        (
            [id] => 20
            [name] => zz
        )

    [20] => Array
        (
            [id] => 21
            [name] => xx
        )

    [21] => Array
        (
            [id] => 22
            [name] => vv
        )

    [22] => Array
        (
            [id] => 23
            [name] => cc
        )

    [23] => Array
        (
            [id] => 24
            [name] => bb
        )

    [24] => Array
        (
            [id] => 25
            [name] => nn
        )

    [25] => Array
        (
            [id] => 26
            [name] => mm
        )

)

====================db log====================
[seq]
0.48590000 1498459617
--------------------
[full_sql]
close db[mysqli:co_page_select2] on [root@localhost:3306]
--------------------
[result]
success
====================db log====================
[seq]
0.52290000 1498459617
--------------------
[full_sql]
connect db[mysqli] on [root@localhost:3306] with password
--------------------
[result]
success
====================db log====================
[seq]
0.53890000 1498459618
--------------------
[full_sql]
select db[mysqli] on [root@localhost:3306]
--------------------
[result]
success
====================db log====================
[seq]
0.54190000 1498459618
--------------------
[unmixed_query]
select * from user where (name like '%%' OR id like '%%') order by id DESC limit ?,?
--------------------
[unmixed_params]
Array
(
    [0] => 0
    [1] => 3
)

--------------------
[full_sql]
select * from user where (name like '%%' OR id like '%%') order by id DESC limit 0,3
--------------------
[result]
Array
(
    [0] => Array
        (
            [id] => 26
            [name] => mm
        )

    [1] => Array
        (
            [id] => 25
            [name] => nn
        )

    [2] => Array
        (
            [id] => 24
            [name] => bb
        )

)

====================db log====================
[seq]
0.54590000 1498459618
--------------------
[unmixed_query]
select * from user where (name like '%%' OR id like '%%')
--------------------
[unmixed_params]
Array
(
)

--------------------
[full_sql]
select * from user where (name like '%%' OR id like '%%')
--------------------
[result]
Array
(
    [0] => Array
        (
            [id] => 1
            [name] => qq
        )

    [1] => Array
        (
            [id] => 2
            [name] => ww
        )

    [2] => Array
        (
            [id] => 3
            [name] => ee
        )

    [3] => Array
        (
            [id] => 4
            [name] => rr
        )

    [4] => Array
        (
            [id] => 5
            [name] => tt
        )

    [5] => Array
        (
            [id] => 6
            [name] => yy
        )

    [6] => Array
        (
            [id] => 7
            [name] => uu
        )

    [7] => Array
        (
            [id] => 8
            [name] => ii
        )

    [8] => Array
        (
            [id] => 9
            [name] => oo
        )

    [9] => Array
        (
            [id] => 10
            [name] => pp
        )

    [10] => Array
        (
            [id] => 11
            [name] => aa
        )

    [11] => Array
        (
            [id] => 12
            [name] => ss
        )

    [12] => Array
        (
            [id] => 13
            [name] => dd
        )

    [13] => Array
        (
            [id] => 14
            [name] => ff
        )

    [14] => Array
        (
            [id] => 15
            [name] => gg
        )

    [15] => Array
        (
            [id] => 16
            [name] => hh
        )

    [16] => Array
        (
            [id] => 17
            [name] => jj
        )

    [17] => Array
        (
            [id] => 18
            [name] => kk
        )

    [18] => Array
        (
            [id] => 19
            [name] => ll
        )

    [19] => Array
        (
            [id] => 20
            [name] => zz
        )

    [20] => Array
        (
            [id] => 21
            [name] => xx
        )

    [21] => Array
        (
            [id] => 22
            [name] => vv
        )

    [22] => Array
        (
            [id] => 23
            [name] => cc
        )

    [23] => Array
        (
            [id] => 24
            [name] => bb
        )

    [24] => Array
        (
            [id] => 25
            [name] => nn
        )

    [25] => Array
        (
            [id] => 26
            [name] => mm
        )

)

====================db log====================
[seq]
0.54990000 1498459618
--------------------
[full_sql]
close db[mysqli:co_page_select2] on [root@localhost:3306]
--------------------
[result]
success
====================db log====================
[seq]
0.18490000 1498459635
--------------------
[full_sql]
connect db[mysqli] on [root@localhost:3306] with password
--------------------
[result]
success
====================db log====================
[seq]
0.19990000 1498459636
--------------------
[full_sql]
select db[mysqli] on [root@localhost:3306]
--------------------
[result]
success
====================db log====================
[seq]
0.21990000 1498459636
--------------------
[full_sql]
close db[mysqli:co_page_select2] on [root@localhost:3306]
--------------------
[result]
success
====================db log====================
[seq]
0.12690000 1498459662
--------------------
[full_sql]
connect db[mysqli] on [root@localhost:3306] with password
--------------------
[result]
success
====================db log====================
[seq]
0.15190000 1498459663
--------------------
[full_sql]
select db[mysqli] on [root@localhost:3306]
--------------------
[result]
success
====================db log====================
[seq]
0.16290000 1498459663
--------------------
[full_sql]
close db[mysqli:co_page_select2] on [root@localhost:3306]
--------------------
[result]
success
====================db log====================
[seq]
0.57090000 1498459663
--------------------
[full_sql]
connect db[mysqli] on [root@localhost:3306] with password
--------------------
[result]
success
====================db log====================
[seq]
0.57490000 1498459664
--------------------
[full_sql]
select db[mysqli] on [root@localhost:3306]
--------------------
[result]
success
====================db log====================
[seq]
0.57890000 1498459664
--------------------
[full_sql]
close db[mysqli:co_page_select2] on [root@localhost:3306]
--------------------
[result]
success
====================db log====================
[seq]
0.17390000 1498459869
--------------------
[full_sql]
connect db[mysqli] on [root@localhost:3306] with password
--------------------
[result]
success
====================db log====================
[seq]
0.20590000 1498459870
--------------------
[full_sql]
select db[mysqli] on [root@localhost:3306]
--------------------
[result]
success
====================db log====================
[seq]
0.21190000 1498459870
--------------------
[full_sql]
close db[mysqli:co_page_select2] on [root@localhost:3306]
--------------------
[result]
success
====================db log====================
[seq]
0.69190000 1498459872
--------------------
[full_sql]
connect db[mysqli] on [root@localhost:3306] with password
--------------------
[result]
success
====================db log====================
[seq]
0.70090000 1498459873
--------------------
[full_sql]
select db[mysqli] on [root@localhost:3306]
--------------------
[result]
success
====================db log====================
[seq]
0.70590000 1498459873
--------------------
[full_sql]
close db[mysqli:co_page_select2] on [root@localhost:3306]
--------------------
[result]
success
====================db log====================
[seq]
0.09390000 1498459874
--------------------
[full_sql]
connect db[mysqli] on [root@localhost:3306] with password
--------------------
[result]
success
====================db log====================
[seq]
0.11890000 1498459875
--------------------
[full_sql]
select db[mysqli] on [root@localhost:3306]
--------------------
[result]
success
====================db log====================
[seq]
0.12290000 1498459875
--------------------
[full_sql]
close db[mysqli:co_page_select2] on [root@localhost:3306]
--------------------
[result]
success
====================db log====================
[seq]
0.50890000 1498459875
--------------------
[full_sql]
connect db[mysqli] on [root@localhost:3306] with password
--------------------
[result]
success
====================db log====================
[seq]
0.51790000 1498459876
--------------------
[full_sql]
select db[mysqli] on [root@localhost:3306]
--------------------
[result]
success
====================db log====================
[seq]
0.52390000 1498459876
--------------------
[full_sql]
close db[mysqli:co_page_select2] on [root@localhost:3306]
--------------------
[result]
success
