====================db log====================
[seq]
0.88720000 1497407784
--------------------
[full_sql]
connect db[mysqli] on [root@localhost:3306] with password
--------------------
[result]
success
====================db log====================
[seq]
0.91220000 1497407785
--------------------
[full_sql]
select db[mysqli] on [root@localhost:3306]
--------------------
[result]
success
====================db log====================
[seq]
0.92720000 1497407785
--------------------
[full_sql]
close db[mysqli:co_page_select2] on [root@localhost:3306]
--------------------
[result]
success
====================db log====================
[seq]
0.62920000 1497407791
--------------------
[full_sql]
connect db[mysqli] on [root@localhost:3306] with password
--------------------
[result]
success
====================db log====================
[seq]
0.63720000 1497407792
--------------------
[full_sql]
select db[mysqli] on [root@localhost:3306]
--------------------
[result]
success
====================db log====================
[seq]
0.65420000 1497407792
--------------------
[full_sql]
close db[mysqli:co_page_select2] on [root@localhost:3306]
--------------------
[result]
success
====================db log====================
[seq]
0.78420000 1497407792
--------------------
[full_sql]
connect db[mysqli] on [root@localhost:3306] with password
--------------------
[result]
success
====================db log====================
[seq]
0.79320000 1497407793
--------------------
[full_sql]
select db[mysqli] on [root@localhost:3306]
--------------------
[result]
success
====================db log====================
[seq]
0.80320000 1497407793
--------------------
[unmixed_query]
select * from user where (name like '%%' OR id like '%%') order by id DESC limit ?,?
--------------------
[unmixed_params]
Array
(
    [0] => 0
    [1] => 3
)

--------------------
[full_sql]
select * from user where (name like '%%' OR id like '%%') order by id DESC limit 0,3
--------------------
[result]
Array
(
    [0] => Array
        (
            [id] => 26
            [name] => mm
        )

    [1] => Array
        (
            [id] => 25
            [name] => nn
        )

    [2] => Array
        (
            [id] => 24
            [name] => bb
        )

)

====================db log====================
[seq]
0.80720000 1497407793
--------------------
[unmixed_query]
select * from user where (name like '%%' OR id like '%%')
--------------------
[unmixed_params]
Array
(
)

--------------------
[full_sql]
select * from user where (name like '%%' OR id like '%%')
--------------------
[result]
Array
(
    [0] => Array
        (
            [id] => 1
            [name] => qq
        )

    [1] => Array
        (
            [id] => 2
            [name] => ww
        )

    [2] => Array
        (
            [id] => 3
            [name] => ee
        )

    [3] => Array
        (
            [id] => 4
            [name] => rr
        )

    [4] => Array
        (
            [id] => 5
            [name] => tt
        )

    [5] => Array
        (
            [id] => 6
            [name] => yy
        )

    [6] => Array
        (
            [id] => 7
            [name] => uu
        )

    [7] => Array
        (
            [id] => 8
            [name] => ii
        )

    [8] => Array
        (
            [id] => 9
            [name] => oo
        )

    [9] => Array
        (
            [id] => 10
            [name] => pp
        )

    [10] => Array
        (
            [id] => 11
            [name] => aa
        )

    [11] => Array
        (
            [id] => 12
            [name] => ss
        )

    [12] => Array
        (
            [id] => 13
            [name] => dd
        )

    [13] => Array
        (
            [id] => 14
            [name] => ff
        )

    [14] => Array
        (
            [id] => 15
            [name] => gg
        )

    [15] => Array
        (
            [id] => 16
            [name] => hh
        )

    [16] => Array
        (
            [id] => 17
            [name] => jj
        )

    [17] => Array
        (
            [id] => 18
            [name] => kk
        )

    [18] => Array
        (
            [id] => 19
            [name] => ll
        )

    [19] => Array
        (
            [id] => 20
            [name] => zz
        )

    [20] => Array
        (
            [id] => 21
            [name] => xx
        )

    [21] => Array
        (
            [id] => 22
            [name] => vv
        )

    [22] => Array
        (
            [id] => 23
            [name] => cc
        )

    [23] => Array
        (
            [id] => 24
            [name] => bb
        )

    [24] => Array
        (
            [id] => 25
            [name] => nn
        )

    [25] => Array
        (
            [id] => 26
            [name] => mm
        )

)

====================db log====================
[seq]
0.81020000 1497407793
--------------------
[full_sql]
close db[mysqli:co_page_select2] on [root@localhost:3306]
--------------------
[result]
success
====================db log====================
[seq]
0.84020000 1497407793
--------------------
[full_sql]
connect db[mysqli] on [root@localhost:3306] with password
--------------------
[result]
success
====================db log====================
[seq]
0.84820000 1497407794
--------------------
[full_sql]
select db[mysqli] on [root@localhost:3306]
--------------------
[result]
success
====================db log====================
[seq]
0.85220000 1497407794
--------------------
[unmixed_query]
select * from user where (name like '%%' OR id like '%%') order by id DESC limit ?,?
--------------------
[unmixed_params]
Array
(
    [0] => 0
    [1] => 3
)

--------------------
[full_sql]
select * from user where (name like '%%' OR id like '%%') order by id DESC limit 0,3
--------------------
[result]
Array
(
    [0] => Array
        (
            [id] => 26
            [name] => mm
        )

    [1] => Array
        (
            [id] => 25
            [name] => nn
        )

    [2] => Array
        (
            [id] => 24
            [name] => bb
        )

)

====================db log====================
[seq]
0.85620000 1497407794
--------------------
[unmixed_query]
select * from user where (name like '%%' OR id like '%%')
--------------------
[unmixed_params]
Array
(
)

--------------------
[full_sql]
select * from user where (name like '%%' OR id like '%%')
--------------------
[result]
Array
(
    [0] => Array
        (
            [id] => 1
            [name] => qq
        )

    [1] => Array
        (
            [id] => 2
            [name] => ww
        )

    [2] => Array
        (
            [id] => 3
            [name] => ee
        )

    [3] => Array
        (
            [id] => 4
            [name] => rr
        )

    [4] => Array
        (
            [id] => 5
            [name] => tt
        )

    [5] => Array
        (
            [id] => 6
            [name] => yy
        )

    [6] => Array
        (
            [id] => 7
            [name] => uu
        )

    [7] => Array
        (
            [id] => 8
            [name] => ii
        )

    [8] => Array
        (
            [id] => 9
            [name] => oo
        )

    [9] => Array
        (
            [id] => 10
            [name] => pp
        )

    [10] => Array
        (
            [id] => 11
            [name] => aa
        )

    [11] => Array
        (
            [id] => 12
            [name] => ss
        )

    [12] => Array
        (
            [id] => 13
            [name] => dd
        )

    [13] => Array
        (
            [id] => 14
            [name] => ff
        )

    [14] => Array
        (
            [id] => 15
            [name] => gg
        )

    [15] => Array
        (
            [id] => 16
            [name] => hh
        )

    [16] => Array
        (
            [id] => 17
            [name] => jj
        )

    [17] => Array
        (
            [id] => 18
            [name] => kk
        )

    [18] => Array
        (
            [id] => 19
            [name] => ll
        )

    [19] => Array
        (
            [id] => 20
            [name] => zz
        )

    [20] => Array
        (
            [id] => 21
            [name] => xx
        )

    [21] => Array
        (
            [id] => 22
            [name] => vv
        )

    [22] => Array
        (
            [id] => 23
            [name] => cc
        )

    [23] => Array
        (
            [id] => 24
            [name] => bb
        )

    [24] => Array
        (
            [id] => 25
            [name] => nn
        )

    [25] => Array
        (
            [id] => 26
            [name] => mm
        )

)

====================db log====================
[seq]
0.86020000 1497407794
--------------------
[full_sql]
close db[mysqli:co_page_select2] on [root@localhost:3306]
--------------------
[result]
success
====================db log====================
[seq]
0.08320000 1497407798
--------------------
[full_sql]
connect db[mysqli] on [root@localhost:3306] with password
--------------------
[result]
success
====================db log====================
[seq]
0.09020000 1497407799
--------------------
[full_sql]
select db[mysqli] on [root@localhost:3306]
--------------------
[result]
success
====================db log====================
[seq]
0.09320000 1497407799
--------------------
[unmixed_query]
select * from user where (name like '%mm%' OR id like '%mm%') order by id DESC limit ?,?
--------------------
[unmixed_params]
Array
(
    [0] => 0
    [1] => 3
)

--------------------
[full_sql]
select * from user where (name like '%mm%' OR id like '%mm%') order by id DESC limit 0,3
--------------------
[result]
Array
(
    [0] => Array
        (
            [id] => 26
            [name] => mm
        )

)

====================db log====================
[seq]
0.09720000 1497407799
--------------------
[unmixed_query]
select * from user where (name like '%mm%' OR id like '%mm%')
--------------------
[unmixed_params]
Array
(
)

--------------------
[full_sql]
select * from user where (name like '%mm%' OR id like '%mm%')
--------------------
[result]
Array
(
    [0] => Array
        (
            [id] => 26
            [name] => mm
        )

)

====================db log====================
[seq]
0.10120000 1497407799
--------------------
[full_sql]
close db[mysqli:co_page_select2] on [root@localhost:3306]
--------------------
[result]
success
====================db log====================
[seq]
0.12320000 1497407799
--------------------
[full_sql]
connect db[mysqli] on [root@localhost:3306] with password
--------------------
[result]
success
====================db log====================
[seq]
0.13920000 1497407800
--------------------
[full_sql]
select db[mysqli] on [root@localhost:3306]
--------------------
[result]
success
====================db log====================
[seq]
0.14320000 1497407800
--------------------
[unmixed_query]
select * from user where (name like '%mm%' OR id like '%mm%') order by id DESC limit ?,?
--------------------
[unmixed_params]
Array
(
    [0] => 0
    [1] => 3
)

--------------------
[full_sql]
select * from user where (name like '%mm%' OR id like '%mm%') order by id DESC limit 0,3
--------------------
[result]
Array
(
    [0] => Array
        (
            [id] => 26
            [name] => mm
        )

)

====================db log====================
[seq]
0.14720000 1497407800
--------------------
[unmixed_query]
select * from user where (name like '%mm%' OR id like '%mm%')
--------------------
[unmixed_params]
Array
(
)

--------------------
[full_sql]
select * from user where (name like '%mm%' OR id like '%mm%')
--------------------
[result]
Array
(
    [0] => Array
        (
            [id] => 26
            [name] => mm
        )

)

====================db log====================
[seq]
0.15120000 1497407800
--------------------
[full_sql]
close db[mysqli:co_page_select2] on [root@localhost:3306]
--------------------
[result]
success
