====================db log====================
[seq]
0.53460700 1533720818
--------------------
[full_sql]
connect db[mysqli] on [root@localhost:3306] with password
--------------------
[result]
success
====================db log====================
[seq]
0.59260700 1533720819
--------------------
[full_sql]
select db[mysqli] on [root@localhost:3306]
--------------------
[result]
success
====================db log====================
[seq]
0.59860700 1533720819
--------------------
[full_sql]
close db[mysqli:co_page_select2] on [root@localhost:3306]
--------------------
[result]
success
====================db log====================
[seq]
0.07860700 1533720820
--------------------
[full_sql]
connect db[mysqli] on [root@localhost:3306] with password
--------------------
[result]
success
====================db log====================
[seq]
0.09560700 1533720821
--------------------
[full_sql]
select db[mysqli] on [root@localhost:3306]
--------------------
[result]
success
====================db log====================
[seq]
0.10960700 1533720821
--------------------
[unmixed_query]
select * from user where (name like '%%' OR id like '%%') order by id DESC limit ?,?
--------------------
[unmixed_params]
Array
(
    [0] => 0
    [1] => 3
)

--------------------
[full_sql]
select * from user where (name like '%%' OR id like '%%') order by id DESC limit 0,3
--------------------
[result]
Array
(
    [0] => Array
        (
            [id] => 26
            [name] => mm
        )

    [1] => Array
        (
            [id] => 25
            [name] => nn
        )

    [2] => Array
        (
            [id] => 24
            [name] => bb
        )

)

====================db log====================
[seq]
0.22960700 1533720821
--------------------
[unmixed_query]
select * from user where (name like '%%' OR id like '%%')
--------------------
[unmixed_params]
Array
(
)

--------------------
[full_sql]
select * from user where (name like '%%' OR id like '%%')
--------------------
[result]
Array
(
    [0] => Array
        (
            [id] => 1
            [name] => qq
        )

    [1] => Array
        (
            [id] => 2
            [name] => ww
        )

    [2] => Array
        (
            [id] => 3
            [name] => ee
        )

    [3] => Array
        (
            [id] => 4
            [name] => rr
        )

    [4] => Array
        (
            [id] => 5
            [name] => tt
        )

    [5] => Array
        (
            [id] => 6
            [name] => yy
        )

    [6] => Array
        (
            [id] => 7
            [name] => uu
        )

    [7] => Array
        (
            [id] => 8
            [name] => ii
        )

    [8] => Array
        (
            [id] => 9
            [name] => oo
        )

    [9] => Array
        (
            [id] => 10
            [name] => pp
        )

    [10] => Array
        (
            [id] => 11
            [name] => aa
        )

    [11] => Array
        (
            [id] => 12
            [name] => ss
        )

    [12] => Array
        (
            [id] => 13
            [name] => dd
        )

    [13] => Array
        (
            [id] => 14
            [name] => ff
        )

    [14] => Array
        (
            [id] => 15
            [name] => gg
        )

    [15] => Array
        (
            [id] => 16
            [name] => hh
        )

    [16] => Array
        (
            [id] => 17
            [name] => jj
        )

    [17] => Array
        (
            [id] => 18
            [name] => kk
        )

    [18] => Array
        (
            [id] => 19
            [name] => ll
        )

    [19] => Array
        (
            [id] => 20
            [name] => zz
        )

    [20] => Array
        (
            [id] => 21
            [name] => xx
        )

    [21] => Array
        (
            [id] => 22
            [name] => vv
        )

    [22] => Array
        (
            [id] => 23
            [name] => cc
        )

    [23] => Array
        (
            [id] => 24
            [name] => bb
        )

    [24] => Array
        (
            [id] => 25
            [name] => nn
        )

    [25] => Array
        (
            [id] => 26
            [name] => mm
        )

)

====================db log====================
[seq]
0.23360700 1533720821
--------------------
[full_sql]
close db[mysqli:co_page_select2] on [root@localhost:3306]
--------------------
[result]
success
====================db log====================
[seq]
0.77060700 1533720823
--------------------
[full_sql]
connect db[mysqli] on [root@localhost:3306] with password
--------------------
[result]
success
====================db log====================
[seq]
0.78960700 1533720824
--------------------
[full_sql]
select db[mysqli] on [root@localhost:3306]
--------------------
[result]
success
====================db log====================
[seq]
0.81060700 1533720824
--------------------
[full_sql]
close db[mysqli:co_page_select2] on [root@localhost:3306]
--------------------
[result]
success
====================db log====================
[seq]
0.90560700 1533720824
--------------------
[full_sql]
connect db[mysqli] on [root@localhost:3306] with password
--------------------
[result]
success
====================db log====================
[seq]
0.91360700 1533720825
--------------------
[full_sql]
select db[mysqli] on [root@localhost:3306]
--------------------
[result]
success
====================db log====================
[seq]
0.92060700 1533720825
--------------------
[unmixed_query]
select * from user where (name like '%%' OR id like '%%') order by id DESC limit ?,?
--------------------
[unmixed_params]
Array
(
    [0] => 0
    [1] => 3
)

--------------------
[full_sql]
select * from user where (name like '%%' OR id like '%%') order by id DESC limit 0,3
--------------------
[result]
Array
(
    [0] => Array
        (
            [id] => 26
            [name] => mm
        )

    [1] => Array
        (
            [id] => 25
            [name] => nn
        )

    [2] => Array
        (
            [id] => 24
            [name] => bb
        )

)

====================db log====================
[seq]
0.92660700 1533720825
--------------------
[unmixed_query]
select * from user where (name like '%%' OR id like '%%')
--------------------
[unmixed_params]
Array
(
)

--------------------
[full_sql]
select * from user where (name like '%%' OR id like '%%')
--------------------
[result]
Array
(
    [0] => Array
        (
            [id] => 1
            [name] => qq
        )

    [1] => Array
        (
            [id] => 2
            [name] => ww
        )

    [2] => Array
        (
            [id] => 3
            [name] => ee
        )

    [3] => Array
        (
            [id] => 4
            [name] => rr
        )

    [4] => Array
        (
            [id] => 5
            [name] => tt
        )

    [5] => Array
        (
            [id] => 6
            [name] => yy
        )

    [6] => Array
        (
            [id] => 7
            [name] => uu
        )

    [7] => Array
        (
            [id] => 8
            [name] => ii
        )

    [8] => Array
        (
            [id] => 9
            [name] => oo
        )

    [9] => Array
        (
            [id] => 10
            [name] => pp
        )

    [10] => Array
        (
            [id] => 11
            [name] => aa
        )

    [11] => Array
        (
            [id] => 12
            [name] => ss
        )

    [12] => Array
        (
            [id] => 13
            [name] => dd
        )

    [13] => Array
        (
            [id] => 14
            [name] => ff
        )

    [14] => Array
        (
            [id] => 15
            [name] => gg
        )

    [15] => Array
        (
            [id] => 16
            [name] => hh
        )

    [16] => Array
        (
            [id] => 17
            [name] => jj
        )

    [17] => Array
        (
            [id] => 18
            [name] => kk
        )

    [18] => Array
        (
            [id] => 19
            [name] => ll
        )

    [19] => Array
        (
            [id] => 20
            [name] => zz
        )

    [20] => Array
        (
            [id] => 21
            [name] => xx
        )

    [21] => Array
        (
            [id] => 22
            [name] => vv
        )

    [22] => Array
        (
            [id] => 23
            [name] => cc
        )

    [23] => Array
        (
            [id] => 24
            [name] => bb
        )

    [24] => Array
        (
            [id] => 25
            [name] => nn
        )

    [25] => Array
        (
            [id] => 26
            [name] => mm
        )

)

====================db log====================
[seq]
0.93360700 1533720825
--------------------
[full_sql]
close db[mysqli:co_page_select2] on [root@localhost:3306]
--------------------
[result]
success
====================db log====================
[seq]
0.37660700 1533720846
--------------------
[full_sql]
connect db[mysqli] on [root@localhost:3306] with password
--------------------
[result]
success
====================db log====================
[seq]
0.40460700 1533720847
--------------------
[full_sql]
select db[mysqli] on [root@localhost:3306]
--------------------
[result]
success
====================db log====================
[seq]
0.46460700 1533720847
--------------------
[unmixed_query]
select * from user where (name like '%%' OR id like '%%') order by id DESC limit ?,?
--------------------
[unmixed_params]
Array
(
    [0] => 3
    [1] => 3
)

--------------------
[full_sql]
select * from user where (name like '%%' OR id like '%%') order by id DESC limit 3,3
--------------------
[result]
Array
(
    [0] => Array
        (
            [id] => 23
            [name] => cc
        )

    [1] => Array
        (
            [id] => 22
            [name] => vv
        )

    [2] => Array
        (
            [id] => 21
            [name] => xx
        )

)

====================db log====================
[seq]
0.46960700 1533720847
--------------------
[unmixed_query]
select * from user where (name like '%%' OR id like '%%')
--------------------
[unmixed_params]
Array
(
)

--------------------
[full_sql]
select * from user where (name like '%%' OR id like '%%')
--------------------
[result]
Array
(
    [0] => Array
        (
            [id] => 1
            [name] => qq
        )

    [1] => Array
        (
            [id] => 2
            [name] => ww
        )

    [2] => Array
        (
            [id] => 3
            [name] => ee
        )

    [3] => Array
        (
            [id] => 4
            [name] => rr
        )

    [4] => Array
        (
            [id] => 5
            [name] => tt
        )

    [5] => Array
        (
            [id] => 6
            [name] => yy
        )

    [6] => Array
        (
            [id] => 7
            [name] => uu
        )

    [7] => Array
        (
            [id] => 8
            [name] => ii
        )

    [8] => Array
        (
            [id] => 9
            [name] => oo
        )

    [9] => Array
        (
            [id] => 10
            [name] => pp
        )

    [10] => Array
        (
            [id] => 11
            [name] => aa
        )

    [11] => Array
        (
            [id] => 12
            [name] => ss
        )

    [12] => Array
        (
            [id] => 13
            [name] => dd
        )

    [13] => Array
        (
            [id] => 14
            [name] => ff
        )

    [14] => Array
        (
            [id] => 15
            [name] => gg
        )

    [15] => Array
        (
            [id] => 16
            [name] => hh
        )

    [16] => Array
        (
            [id] => 17
            [name] => jj
        )

    [17] => Array
        (
            [id] => 18
            [name] => kk
        )

    [18] => Array
        (
            [id] => 19
            [name] => ll
        )

    [19] => Array
        (
            [id] => 20
            [name] => zz
        )

    [20] => Array
        (
            [id] => 21
            [name] => xx
        )

    [21] => Array
        (
            [id] => 22
            [name] => vv
        )

    [22] => Array
        (
            [id] => 23
            [name] => cc
        )

    [23] => Array
        (
            [id] => 24
            [name] => bb
        )

    [24] => Array
        (
            [id] => 25
            [name] => nn
        )

    [25] => Array
        (
            [id] => 26
            [name] => mm
        )

)

====================db log====================
[seq]
0.47360700 1533720847
--------------------
[full_sql]
close db[mysqli:co_page_select2] on [root@localhost:3306]
--------------------
[result]
success
====================db log====================
[seq]
0.46960700 1533720850
--------------------
[full_sql]
connect db[mysqli] on [root@localhost:3306] with password
--------------------
[result]
success
====================db log====================
[seq]
0.47960700 1533720851
--------------------
[full_sql]
select db[mysqli] on [root@localhost:3306]
--------------------
[result]
success
====================db log====================
[seq]
0.48360700 1533720851
--------------------
[unmixed_query]
select * from user where (name like '%%' OR id like '%%') order by id DESC limit ?,?
--------------------
[unmixed_params]
Array
(
    [0] => 6
    [1] => 3
)

--------------------
[full_sql]
select * from user where (name like '%%' OR id like '%%') order by id DESC limit 6,3
--------------------
[result]
Array
(
    [0] => Array
        (
            [id] => 20
            [name] => zz
        )

    [1] => Array
        (
            [id] => 19
            [name] => ll
        )

    [2] => Array
        (
            [id] => 18
            [name] => kk
        )

)

====================db log====================
[seq]
0.48760700 1533720851
--------------------
[unmixed_query]
select * from user where (name like '%%' OR id like '%%')
--------------------
[unmixed_params]
Array
(
)

--------------------
[full_sql]
select * from user where (name like '%%' OR id like '%%')
--------------------
[result]
Array
(
    [0] => Array
        (
            [id] => 1
            [name] => qq
        )

    [1] => Array
        (
            [id] => 2
            [name] => ww
        )

    [2] => Array
        (
            [id] => 3
            [name] => ee
        )

    [3] => Array
        (
            [id] => 4
            [name] => rr
        )

    [4] => Array
        (
            [id] => 5
            [name] => tt
        )

    [5] => Array
        (
            [id] => 6
            [name] => yy
        )

    [6] => Array
        (
            [id] => 7
            [name] => uu
        )

    [7] => Array
        (
            [id] => 8
            [name] => ii
        )

    [8] => Array
        (
            [id] => 9
            [name] => oo
        )

    [9] => Array
        (
            [id] => 10
            [name] => pp
        )

    [10] => Array
        (
            [id] => 11
            [name] => aa
        )

    [11] => Array
        (
            [id] => 12
            [name] => ss
        )

    [12] => Array
        (
            [id] => 13
            [name] => dd
        )

    [13] => Array
        (
            [id] => 14
            [name] => ff
        )

    [14] => Array
        (
            [id] => 15
            [name] => gg
        )

    [15] => Array
        (
            [id] => 16
            [name] => hh
        )

    [16] => Array
        (
            [id] => 17
            [name] => jj
        )

    [17] => Array
        (
            [id] => 18
            [name] => kk
        )

    [18] => Array
        (
            [id] => 19
            [name] => ll
        )

    [19] => Array
        (
            [id] => 20
            [name] => zz
        )

    [20] => Array
        (
            [id] => 21
            [name] => xx
        )

    [21] => Array
        (
            [id] => 22
            [name] => vv
        )

    [22] => Array
        (
            [id] => 23
            [name] => cc
        )

    [23] => Array
        (
            [id] => 24
            [name] => bb
        )

    [24] => Array
        (
            [id] => 25
            [name] => nn
        )

    [25] => Array
        (
            [id] => 26
            [name] => mm
        )

)

====================db log====================
[seq]
0.49260700 1533720851
--------------------
[full_sql]
close db[mysqli:co_page_select2] on [root@localhost:3306]
--------------------
[result]
success
====================db log====================
[seq]
0.89160700 1533720857
--------------------
[full_sql]
connect db[mysqli] on [root@localhost:3306] with password
--------------------
[result]
success
====================db log====================
[seq]
0.90260700 1533720858
--------------------
[full_sql]
select db[mysqli] on [root@localhost:3306]
--------------------
[result]
success
====================db log====================
[seq]
0.90760700 1533720858
--------------------
[unmixed_query]
select * from user where (name like '%a%' OR id like '%a%') order by id DESC limit ?,?
--------------------
[unmixed_params]
Array
(
    [0] => 0
    [1] => 3
)

--------------------
[full_sql]
select * from user where (name like '%a%' OR id like '%a%') order by id DESC limit 0,3
--------------------
[result]
Array
(
    [0] => Array
        (
            [id] => 11
            [name] => aa
        )

)

====================db log====================
[seq]
0.91260700 1533720858
--------------------
[unmixed_query]
select * from user where (name like '%a%' OR id like '%a%')
--------------------
[unmixed_params]
Array
(
)

--------------------
[full_sql]
select * from user where (name like '%a%' OR id like '%a%')
--------------------
[result]
Array
(
    [0] => Array
        (
            [id] => 11
            [name] => aa
        )

)

====================db log====================
[seq]
0.91960700 1533720858
--------------------
[full_sql]
close db[mysqli:co_page_select2] on [root@localhost:3306]
--------------------
[result]
success
